<?xml version="1.0" encoding="UTF-8"?>
<!-- Generated by org.testng.reporters.JUnitXMLReporter -->
<testsuite hostname="DESKTOP-UA2CG47" ignored="0" name="Default test" tests="1" failures="0" timestamp="18 mar 2019 01:43:21 GMT" time="0.128" errors="0">
  <testcase name="@BeforeClass prepareTests" time="0.043" classname="br.com.VH.framework.tests.mobile.AccessGooglePage">
    <failure type="java.io.IOException" message="Cannot run program &amp;quot;adb_pathadb&amp;quot;: CreateProcess error=2, O sistema não pode encontrar o arquivo especificado">
      <![CDATA[java.io.IOException: Cannot run program "adb_pathadb": CreateProcess error=2, O sistema não pode encontrar o arquivo especificado
at java.lang.ProcessBuilder.start(Unknown Source)
at java.lang.Runtime.exec(Unknown Source)
at java.lang.Runtime.exec(Unknown Source)
at java.lang.Runtime.exec(Unknown Source)
at br.com.VH.framework.helper.Utils.verificarSeHaDispositivosAndroidAtivos(Utils.java:382)
at br.com.VH.framework.helper.Utils.initializeAndroidDriver(Utils.java:453)
at br.com.VH.framework.tests.mobile.AccessGooglePage.prepareTests(AccessGooglePage.java:26)
at sun.reflect.NativeMethodAccessorImpl.invoke0(Native Method)
at sun.reflect.NativeMethodAccessorImpl.invoke(Unknown Source)
at sun.reflect.DelegatingMethodAccessorImpl.invoke(Unknown Source)
at java.lang.reflect.Method.invoke(Unknown Source)
at org.testng.internal.MethodInvocationHelper.invokeMethod(MethodInvocationHelper.java:124)
at org.testng.internal.MethodInvocationHelper.invokeMethodConsideringTimeout(MethodInvocationHelper.java:59)
at org.testng.internal.Invoker.invokeConfigurationMethod(Invoker.java:458)
at org.testng.internal.Invoker.invokeConfigurations(Invoker.java:222)
at org.testng.internal.Invoker.invokeConfigurations(Invoker.java:142)
at org.testng.internal.TestMethodWorker.invokeBeforeClassMethods(TestMethodWorker.java:168)
at org.testng.internal.TestMethodWorker.run(TestMethodWorker.java:105)
at org.testng.TestRunner.privateRun(TestRunner.java:648)
at org.testng.TestRunner.run(TestRunner.java:505)
at org.testng.SuiteRunner.runTest(SuiteRunner.java:455)
at org.testng.SuiteRunner.runSequentially(SuiteRunner.java:450)
at org.testng.SuiteRunner.privateRun(SuiteRunner.java:415)
at org.testng.SuiteRunner.run(SuiteRunner.java:364)
at org.testng.SuiteRunnerWorker.runSuite(SuiteRunnerWorker.java:52)
at org.testng.SuiteRunnerWorker.run(SuiteRunnerWorker.java:84)
at org.testng.TestNG.runSuitesSequentially(TestNG.java:1208)
at org.testng.TestNG.runSuitesLocally(TestNG.java:1137)
at org.testng.TestNG.runSuites(TestNG.java:1049)
at org.testng.TestNG.run(TestNG.java:1017)
at org.testng.remote.AbstractRemoteTestNG.run(AbstractRemoteTestNG.java:115)
at org.testng.remote.RemoteTestNG.initAndRun(RemoteTestNG.java:251)
at org.testng.remote.RemoteTestNG.main(RemoteTestNG.java:77)
Caused by: java.io.IOException: CreateProcess error=2, O sistema não pode encontrar o arquivo especificado
at java.lang.ProcessImpl.create(Native Method)
at java.lang.ProcessImpl.<init>(Unknown Source)
at java.lang.ProcessImpl.start(Unknown Source)
... 33 more
]]>
    </failure>
  </testcase> <!-- @BeforeClass prepareTests -->
  <testcase name="@AfterClass finishTests" time="0.0" classname="br.com.VH.framework.tests.mobile.AccessGooglePage">
    <skipped/>
  </testcase> <!-- @AfterClass finishTests -->
  <testcase name="@AfterTest afterTest" time="0.0" classname="br.com.VH.framework.tests.mobile.AccessGooglePage">
    <skipped/>
  </testcase> <!-- @AfterTest afterTest -->
  <testcase name="accessGooglePage" time="0.0" classname="br.com.VH.framework.tests.mobile.AccessGooglePage">
    <skipped/>
  </testcase> <!-- accessGooglePage -->
</testsuite> <!-- Default test -->
